<?xml version="1.0" encoding="UTF-8"?>
<testng-results skipped="0" failed="0" ignored="0" total="1" passed="1">
  <reporter-output>
  </reporter-output>
  <suite name="Default suite" duration-ms="231" started-at="2019-12-16T18:19:27 IST" finished-at="2019-12-16T18:19:27 IST">
    <groups>
    </groups>
    <test name="Default test" duration-ms="231" started-at="2019-12-16T18:19:27 IST" finished-at="2019-12-16T18:19:27 IST">
      <class name="com.qa.login.Loginpage">
        <test-method status="PASS" signature="LoginTest()[pri:0, instance:com.qa.login.Loginpage@335eadca]" name="LoginTest" duration-ms="43" started-at="2019-12-16T18:19:27 IST" finished-at="2019-12-16T18:19:27 IST">
          <reporter-output>
          </reporter-output>
        </test-method> <!-- LoginTest -->
      </class> <!-- com.qa.login.Loginpage -->
    </test> <!-- Default test -->
  </suite> <!-- Default suite -->
</testng-results>
