<?xml version="1.0" encoding="UTF-8"?>
<testng-results skipped="0" failed="0" total="2" passed="2">
  <reporter-output>
  </reporter-output>
  <suite name="com.qa.login.LoginTest" duration-ms="55" started-at="2019-12-16T14:28:54Z" finished-at="2019-12-16T14:28:54Z">
    <groups>
    </groups>
    <test name="Command line test" duration-ms="55" started-at="2019-12-16T14:28:54Z" finished-at="2019-12-16T14:28:54Z">
      <class name="com.qa.login.LoginTest">
        <test-method status="PASS" signature="Homemtd()[pri:0, instance:com.qa.login.LoginTest@880ec60]" name="Homemtd" duration-ms="24" started-at="2019-12-16T19:58:54Z" finished-at="2019-12-16T19:58:54Z">
          <reporter-output>
          </reporter-output>
        </test-method> <!-- Homemtd -->
        <test-method status="PASS" signature="Loginmtd()[pri:0, instance:com.qa.login.LoginTest@880ec60]" name="Loginmtd" duration-ms="0" started-at="2019-12-16T19:58:54Z" finished-at="2019-12-16T19:58:54Z">
          <reporter-output>
          </reporter-output>
        </test-method> <!-- Loginmtd -->
      </class> <!-- com.qa.login.LoginTest -->
    </test> <!-- Command line test -->
  </suite> <!-- com.qa.login.LoginTest -->
</testng-results>
